[12-Nov-2024 15:17:19 Africa/Johannesburg] PHP Warning:  Undefined array key "bio" in /Users/rotondwanemutavhani/Desktop/testApp/kjo/php/setupProfile.php on line 61
[12-Nov-2024 15:17:19 Africa/Johannesburg] PHP Fatal error:  Uncaught TypeError: Insta\Users\Users::set_shortBio(): Argument #1 ($s) must be of type string, null given, called in /Users/rotondwanemutavhani/Desktop/testApp/kjo/php/setupProfile.php on line 66 and defined in /Users/rotondwanemutavhani/Desktop/testApp/kjo/php/user.php:153
Stack trace:
#0 /Users/rotondwanemutavhani/Desktop/testApp/kjo/php/setupProfile.php(66): Insta\Users\Users->set_shortBio(NULL)
#1 /Users/rotondwanemutavhani/Desktop/testApp/kjo/index.php(142): include_once('/Users/rotondwa...')
#2 {main}
  thrown in /Users/rotondwanemutavhani/Desktop/testApp/kjo/php/user.php on line 153
[12-Nov-2024 15:18:17 Africa/Johannesburg] PHP Warning:  Undefined variable $id in /Users/rotondwanemutavhani/Desktop/testApp/kjo/php/setupProfile.php on line 71
[12-Nov-2024 15:18:17 Africa/Johannesburg] PHP Fatal error:  Uncaught TypeError: Insta\Images\Image::set_postLinkID(): Argument #1 ($str) must be of type string, null given, called in /Users/rotondwanemutavhani/Desktop/testApp/kjo/php/setupProfile.php on line 71 and defined in /Users/rotondwanemutavhani/Desktop/testApp/kjo/php/image.php:50
Stack trace:
#0 /Users/rotondwanemutavhani/Desktop/testApp/kjo/php/setupProfile.php(71): Insta\Images\Image->set_postLinkID(NULL)
#1 /Users/rotondwanemutavhani/Desktop/testApp/kjo/index.php(142): include_once('/Users/rotondwa...')
#2 {main}
  thrown in /Users/rotondwanemutavhani/Desktop/testApp/kjo/php/image.php on line 50
[12-Nov-2024 15:19:12 Africa/Johannesburg] PHP Warning:  Undefined variable $id in /Users/rotondwanemutavhani/Desktop/testApp/kjo/php/setupProfile.php on line 71
[12-Nov-2024 15:19:12 Africa/Johannesburg] PHP Fatal error:  Uncaught TypeError: Insta\Images\Image::set_postLinkID(): Argument #1 ($str) must be of type string, null given, called in /Users/rotondwanemutavhani/Desktop/testApp/kjo/php/setupProfile.php on line 71 and defined in /Users/rotondwanemutavhani/Desktop/testApp/kjo/php/image.php:50
Stack trace:
#0 /Users/rotondwanemutavhani/Desktop/testApp/kjo/php/setupProfile.php(71): Insta\Images\Image->set_postLinkID(NULL)
#1 /Users/rotondwanemutavhani/Desktop/testApp/kjo/index.php(142): include_once('/Users/rotondwa...')
#2 {main}
  thrown in /Users/rotondwanemutavhani/Desktop/testApp/kjo/php/image.php on line 50
[12-Nov-2024 15:20:50 Africa/Johannesburg] PHP Warning:  Undefined variable $id in /Users/rotondwanemutavhani/Desktop/testApp/kjo/php/setupProfile.php on line 71
[12-Nov-2024 15:20:50 Africa/Johannesburg] PHP Fatal error:  Uncaught TypeError: Insta\Images\Image::set_postLinkID(): Argument #1 ($str) must be of type string, null given, called in /Users/rotondwanemutavhani/Desktop/testApp/kjo/php/setupProfile.php on line 71 and defined in /Users/rotondwanemutavhani/Desktop/testApp/kjo/php/image.php:50
Stack trace:
#0 /Users/rotondwanemutavhani/Desktop/testApp/kjo/php/setupProfile.php(71): Insta\Images\Image->set_postLinkID(NULL)
#1 /Users/rotondwanemutavhani/Desktop/testApp/kjo/index.php(142): include_once('/Users/rotondwa...')
#2 {main}
  thrown in /Users/rotondwanemutavhani/Desktop/testApp/kjo/php/image.php on line 50
[12-Nov-2024 15:22:22 Africa/Johannesburg] PHP Warning:  Undefined variable $id in /Users/rotondwanemutavhani/Desktop/testApp/kjo/php/setupProfile.php on line 71
[12-Nov-2024 15:22:22 Africa/Johannesburg] PHP Fatal error:  Uncaught TypeError: Insta\Images\Image::set_postLinkID(): Argument #1 ($str) must be of type string, null given, called in /Users/rotondwanemutavhani/Desktop/testApp/kjo/php/setupProfile.php on line 71 and defined in /Users/rotondwanemutavhani/Desktop/testApp/kjo/php/image.php:50
Stack trace:
#0 /Users/rotondwanemutavhani/Desktop/testApp/kjo/php/setupProfile.php(71): Insta\Images\Image->set_postLinkID(NULL)
#1 /Users/rotondwanemutavhani/Desktop/testApp/kjo/index.php(142): include_once('/Users/rotondwa...')
#2 {main}
  thrown in /Users/rotondwanemutavhani/Desktop/testApp/kjo/php/image.php on line 50
[12-Nov-2024 15:25:13 Africa/Johannesburg] PHP Fatal error:  Uncaught TypeError: Insta\Images\Image::set_postLinkID(): Argument #1 ($str) must be of type string, null given, called in /Users/rotondwanemutavhani/Desktop/testApp/kjo/php/setupProfile.php on line 72 and defined in /Users/rotondwanemutavhani/Desktop/testApp/kjo/php/image.php:50
Stack trace:
#0 /Users/rotondwanemutavhani/Desktop/testApp/kjo/php/setupProfile.php(72): Insta\Images\Image->set_postLinkID(NULL)
#1 /Users/rotondwanemutavhani/Desktop/testApp/kjo/index.php(142): include_once('/Users/rotondwa...')
#2 {main}
  thrown in /Users/rotondwanemutavhani/Desktop/testApp/kjo/php/image.php on line 50
[12-Nov-2024 15:42:48 Africa/Johannesburg] PHP Fatal error:  Uncaught Error: Class "Insta\Database\Image\ImageDB" not found in /Users/rotondwanemutavhani/Desktop/testApp/kjo/php/setupProfile.php:80
Stack trace:
#0 /Users/rotondwanemutavhani/Desktop/testApp/kjo/index.php(142): include_once()
#1 {main}
  thrown in /Users/rotondwanemutavhani/Desktop/testApp/kjo/php/setupProfile.php on line 80
[12-Nov-2024 15:45:40 Africa/Johannesburg] PHP Fatal error:  Uncaught Error: Call to undefined method Insta\Images\Image::get_userID() in /Users/rotondwanemutavhani/Desktop/testApp/kjo/php/imageDB.php:79
Stack trace:
#0 /Users/rotondwanemutavhani/Desktop/testApp/kjo/php/setupProfile.php(83): Insta\Databases\Images\ImageDB->write_image_profile_picture()
#1 /Users/rotondwanemutavhani/Desktop/testApp/kjo/index.php(142): include_once('/Users/rotondwa...')
#2 {main}
  thrown in /Users/rotondwanemutavhani/Desktop/testApp/kjo/php/imageDB.php on line 79
[12-Nov-2024 15:49:13 Africa/Johannesburg] PHP Warning:  Undefined array key "profileName" in /Users/rotondwanemutavhani/Desktop/testApp/kjo/php/setupProfile.php on line 49
