[2024-06-24T18:58:47.813729+00:00] start.WARNING: hello [] []
[2024-06-24T18:58:47.814912+00:00] start.ERROR: hello bye [] []
[2024-06-24T18:58:52.018594+00:00] start.WARNING: hello [] []
[2024-06-24T18:58:52.018836+00:00] start.ERROR: hello bye [] []
[2024-06-24T18:58:56.218058+00:00] start.WARNING: hello [] []
[2024-06-24T18:58:56.218387+00:00] start.ERROR: hello bye [] []
[2024-06-24T18:59:00.783707+00:00] start.WARNING: hello [] []
[2024-06-24T18:59:00.784080+00:00] start.ERROR: hello bye [] []
[2024-06-24T19:02:51.679443+00:00] start.WARNING: / [] []
[2024-06-24T19:02:53.728553+00:00] start.WARNING: / [] []
[2024-06-24T19:02:55.821728+00:00] start.WARNING: / [] []
[2024-06-24T19:02:57.863890+00:00] start.WARNING: / [] []
[2024-06-24T19:03:26.866905+00:00] start.WARNING: /profile [] []
[2024-06-24T19:03:32.385281+00:00] start.WARNING: /profile [] []
[2024-06-24T19:06:51.765697+00:00] start.WARNING: /profile [] []
[2024-06-24T19:06:57.328772+00:00] start.WARNING: /profile [] []
[2024-06-25T11:29:18.334324+00:00] start.WARNING: / [] []
[2024-06-25T11:29:21.057687+00:00] start.WARNING: / [] []
[2024-06-25T11:30:11.095373+00:00] start.WARNING: / [] []
[2024-06-25T11:30:13.133223+00:00] start.WARNING: / [] []
[2024-06-25T11:31:03.116457+00:00] start.WARNING: / [] []
[2024-06-25T11:31:05.168168+00:00] start.WARNING: / [] []
[2024-06-25T11:31:25.916313+00:00] start.WARNING: / [] []
[2024-06-25T11:31:27.948577+00:00] start.WARNING: / [] []
[2024-06-25T11:32:24.224332+00:00] start.WARNING: / [] []
[2024-06-25T11:32:26.246715+00:00] start.WARNING: / [] []
[2024-06-25T11:33:30.363679+00:00] start.WARNING: / [] []
[2024-06-25T11:33:32.416785+00:00] start.WARNING: / [] []
[2024-06-25T11:34:13.452651+00:00] start.WARNING: / [] []
[2024-06-25T11:34:15.512143+00:00] start.WARNING: / [] []
[2024-06-25T11:35:57.457902+00:00] start.WARNING: / [] []
[2024-06-25T11:35:59.486628+00:00] start.WARNING: / [] []
[2024-06-25T11:36:25.757907+00:00] start.WARNING: / [] []
[2024-06-25T11:36:27.815550+00:00] start.WARNING: / [] []
[2024-06-25T11:37:13.812823+00:00] start.WARNING: / [] []
[2024-06-25T11:37:15.852037+00:00] start.WARNING: / [] []
[2024-06-25T11:38:11.879364+00:00] start.WARNING: / [] []
[2024-06-25T11:38:13.914353+00:00] start.WARNING: / [] []
[2024-06-25T12:02:10.922611+00:00] start.WARNING: / [] []
[2024-06-25T12:02:12.968058+00:00] start.WARNING: / [] []
[2024-06-25T12:02:40.464464+00:00] start.WARNING: / [] []
[2024-06-25T12:02:42.497348+00:00] start.WARNING: / [] []
[2024-06-25T12:02:55.946189+00:00] start.WARNING: / [] []
[2024-06-25T12:02:59.281176+00:00] start.WARNING: / [] []
[2024-06-25T12:03:01.542916+00:00] start.WARNING: / [] []
[2024-06-25T12:03:03.654893+00:00] start.WARNING: / [] []
[2024-06-25T12:03:33.410919+00:00] start.WARNING: / [] []
[2024-06-25T12:03:35.581783+00:00] start.WARNING: / [] []
[2024-06-25T12:03:37.778089+00:00] start.WARNING: / [] []
[2024-06-25T12:03:39.828711+00:00] start.WARNING: / [] []
[2024-06-26T18:17:50.013108+00:00] start.WARNING: user id not found [] []
[2024-06-26T18:28:05.720345+00:00] start.WARNING: / [] []
[2024-06-26T18:28:08.994078+00:00] start.WARNING: / [] []
[2024-06-26T18:28:11.305044+00:00] start.WARNING: / [] []
[2024-06-26T18:28:14.579605+00:00] start.WARNING: / [] []
[2024-06-26T18:29:15.363804+00:00] start.WARNING: / [] []
[2024-06-26T18:29:18.679812+00:00] start.WARNING: / [] []
[2024-06-26T18:29:20.889775+00:00] start.WARNING: / [] []
[2024-06-26T18:29:24.132828+00:00] start.WARNING: / [] []
[2024-06-26T18:29:47.419695+00:00] start.WARNING: /profile [] []
[2024-06-26T18:29:49.480518+00:00] start.WARNING: user id not found [] []
[2024-06-26T18:29:51.546613+00:00] start.WARNING: /profile [] []
[2024-06-26T18:31:36.645476+00:00] start.WARNING: /profile [] []
[2024-06-26T18:31:38.718521+00:00] start.WARNING: user id not found [] []
[2024-06-26T18:31:40.780174+00:00] start.WARNING: /profile [] []
[2024-06-26T18:31:46.567276+00:00] start.WARNING: /profile [] []
[2024-06-26T18:31:48.614737+00:00] start.WARNING: user id not found [] []
[2024-06-26T18:31:50.738814+00:00] start.WARNING: /profile [] []
[2024-06-26T18:31:53.762793+00:00] start.WARNING: / [] []
[2024-06-26T18:31:57.025109+00:00] start.WARNING: / [] []
[2024-06-26T18:31:59.219243+00:00] start.WARNING: / [] []
[2024-06-26T18:32:02.475217+00:00] start.WARNING: / [] []
[2024-06-26T18:32:19.157604+00:00] start.WARNING: /profile [] []
[2024-06-26T18:32:21.235705+00:00] start.WARNING: user id not found [] []
[2024-06-26T18:32:23.315880+00:00] start.WARNING: /profile [] []
[2024-06-26T18:32:29.697562+00:00] start.WARNING: /profile [] []
[2024-06-26T18:32:31.758267+00:00] start.WARNING: user id not found [] []
[2024-06-26T18:32:33.827897+00:00] start.WARNING: /profile [] []
[2024-06-26T18:33:03.776937+00:00] start.WARNING: /profile [] []
[2024-06-26T18:33:05.851019+00:00] start.WARNING: user id not found [] []
[2024-06-26T18:33:07.920411+00:00] start.WARNING: /profile [] []
[2024-06-26T18:33:25.757824+00:00] start.WARNING: / [] []
[2024-06-26T18:33:29.175866+00:00] start.WARNING: / [] []
[2024-06-26T18:33:31.414524+00:00] start.WARNING: / [] []
[2024-06-26T18:33:34.693559+00:00] start.WARNING: / [] []
[2024-06-26T18:34:15.915224+00:00] start.WARNING: / [] []
[2024-06-26T18:34:19.293156+00:00] start.WARNING: / [] []
[2024-06-26T18:34:21.589656+00:00] start.WARNING: / [] []
[2024-06-26T18:34:24.821076+00:00] start.WARNING: / [] []
[2024-06-26T18:34:27.946101+00:00] start.WARNING: /profile [] []
[2024-06-26T18:34:29.999752+00:00] start.WARNING: user id not found [] []
[2024-06-26T18:34:32.058615+00:00] start.WARNING: /profile [] []
[2024-06-26T18:36:13.760766+00:00] start.WARNING: /profile [] []
[2024-06-26T18:36:15.821475+00:00] start.WARNING: user id not found [] []
[2024-06-26T18:36:17.891157+00:00] start.WARNING: /profile [] []
[2024-06-26T18:37:21.526835+00:00] start.WARNING: /profile [] []
[2024-06-26T18:37:24.486212+00:00] start.WARNING: /profile [] []
[2024-06-26T18:37:52.214698+00:00] start.WARNING: /profile [] []
[2024-06-26T18:37:54.296294+00:00] start.WARNING: user id not found [] []
[2024-06-26T18:37:56.378209+00:00] start.WARNING: /profile [] []
[2024-06-26T18:38:27.926435+00:00] start.WARNING: /profile [] []
[2024-06-26T18:38:44.740421+00:00] start.WARNING: /profile [] []
[2024-06-26T18:39:11.159495+00:00] start.WARNING: /profile [] []
[2024-06-26T18:39:43.875584+00:00] start.WARNING: /profile [] []
[2024-06-26T18:39:45.938257+00:00] start.WARNING: user id not found [] []
[2024-06-26T18:39:48.015504+00:00] start.WARNING: /profile [] []
[2024-06-26T18:39:54.082810+00:00] start.WARNING: / [] []
[2024-06-26T18:39:57.350422+00:00] start.WARNING: / [] []
[2024-06-26T18:39:59.652180+00:00] start.WARNING: / [] []
[2024-06-26T18:40:02.913693+00:00] start.WARNING: / [] []
[2024-06-26T18:41:31.351213+00:00] start.WARNING: / [] []
[2024-06-26T18:41:59.514689+00:00] start.WARNING: / [] []
[2024-06-26T18:42:02.770398+00:00] start.WARNING: / [] []
[2024-06-26T18:42:05.038076+00:00] start.WARNING: / [] []
[2024-06-26T18:42:08.320506+00:00] start.WARNING: / [] []
[2024-06-26T18:42:53.643878+00:00] start.WARNING: / [] []
[2024-06-26T18:42:56.893300+00:00] start.WARNING: / [] []
[2024-06-26T18:42:59.108082+00:00] start.WARNING: / [] []
[2024-06-26T18:43:02.391433+00:00] start.WARNING: / [] []
[2024-06-26T18:44:25.528017+00:00] start.WARNING: / [] []
[2024-06-26T18:44:28.786099+00:00] start.WARNING: / [] []
[2024-06-26T18:44:31.162315+00:00] start.WARNING: / [] []
[2024-06-26T18:44:34.422981+00:00] start.WARNING: / [] []
[2024-06-26T18:46:16.027864+00:00] start.WARNING: / [] []
[2024-06-26T18:46:19.276863+00:00] start.WARNING: / [] []
[2024-06-26T18:46:21.510506+00:00] start.WARNING: / [] []
[2024-06-26T18:46:24.769142+00:00] start.WARNING: / [] []
[2024-06-26T18:50:03.162119+00:00] start.WARNING: / [] []
[2024-06-26T18:50:15.768633+00:00] start.WARNING: / [] []
[2024-06-26T18:50:52.298758+00:00] start.WARNING: / [] []
[2024-06-26T18:50:56.764720+00:00] start.WARNING: / [] []
[2024-06-26T18:50:59.017849+00:00] start.WARNING: / [] []
[2024-06-26T18:51:03.432304+00:00] start.WARNING: / [] []
[2024-06-26T18:54:19.601782+00:00] start.WARNING: / [] []
[2024-06-26T18:54:23.987899+00:00] start.WARNING: / [] []
[2024-06-26T18:54:26.270177+00:00] start.WARNING: / [] []
[2024-06-26T18:54:30.658920+00:00] start.WARNING: / [] []
[2024-06-26T18:54:55.538033+00:00] start.WARNING: / [] []
[2024-06-26T18:54:59.926420+00:00] start.WARNING: / [] []
[2024-06-26T18:55:04.272633+00:00] start.WARNING: / [] []
[2024-06-26T18:55:06.401789+00:00] start.WARNING: / [] []
[2024-06-26T18:55:10.783021+00:00] start.WARNING: / [] []
[2024-06-26T18:55:17.886917+00:00] start.WARNING: /profile [] []
[2024-06-26T18:55:19.938579+00:00] start.WARNING: user id not found [] []
[2024-06-26T18:55:21.978754+00:00] start.WARNING: /profile [] []
[2024-06-26T18:55:41.183131+00:00] start.WARNING: /@mosses [] []
[2024-06-26T18:55:45.566256+00:00] start.WARNING: /@mosses [] []
[2024-06-26T18:55:47.705444+00:00] start.WARNING: / [] []
[2024-06-26T18:55:52.079447+00:00] start.WARNING: / [] []
[2024-06-26T18:56:06.740724+00:00] start.WARNING: not valid user id  [] []
[2024-06-26T18:57:13.668581+00:00] start.WARNING: not valid user id  [] []
[2024-06-26T19:01:30.764127+00:00] start.WARNING: not valid user id  [] []
[2024-06-26T19:01:43.307918+00:00] start.WARNING: not valid user id  [] []
[2024-06-26T20:01:13.847455+00:00] start.WARNING: not valid user id  [] []
[2024-06-26T20:01:28.890131+00:00] start.WARNING: not valid user id  [] []
[2024-06-26T20:02:35.555596+00:00] start.WARNING: not valid user id  [] []
[2024-06-26T20:02:43.208042+00:00] start.WARNING: / [] []
[2024-06-26T20:02:47.622847+00:00] start.WARNING: / [] []
[2024-06-26T20:02:49.822636+00:00] start.WARNING: / [] []
[2024-06-26T20:02:54.194176+00:00] start.WARNING: / [] []
[2024-06-26T20:04:51.059364+00:00] start.WARNING: / [] []
[2024-06-26T20:04:55.436257+00:00] start.WARNING: / [] []
[2024-06-26T20:04:57.619102+00:00] start.WARNING: / [] []
[2024-06-26T20:05:01.987610+00:00] start.WARNING: / [] []
[2024-06-26T20:28:41.139884+00:00] start.WARNING: /profile [] []
[2024-06-26T20:28:43.200293+00:00] start.WARNING: user id not found [] []
[2024-06-26T20:28:45.231064+00:00] start.WARNING: /profile [] []
[2024-06-26T21:27:57.833844+00:00] start.WARNING: /profile [] []
[2024-06-26T21:27:59.890707+00:00] start.WARNING: user id not found [] []
[2024-06-26T21:28:01.927191+00:00] start.WARNING: /profile [] []
[2024-06-26T21:28:05.781508+00:00] start.WARNING: / [] []
[2024-06-26T21:28:10.143449+00:00] start.WARNING: / [] []
[2024-06-26T21:28:12.335001+00:00] start.WARNING: / [] []
[2024-06-26T21:28:16.715060+00:00] start.WARNING: / [] []
[2024-06-27T14:52:05.934306+00:00] start.WARNING: / [] []
[2024-06-27T14:52:10.435080+00:00] start.WARNING: / [] []
[2024-06-27T14:52:12.643742+00:00] start.WARNING: / [] []
[2024-06-27T14:52:17.077517+00:00] start.WARNING: / [] []
[2024-06-27T14:52:28.861947+00:00] start.WARNING: /profile [] []
[2024-06-27T14:53:35.029413+00:00] start.WARNING: /profile [] []
[2024-06-27T14:55:05.278502+00:00] start.WARNING: /profile [] []
[2024-06-27T14:56:04.669392+00:00] start.WARNING: /profile [] []
[2024-06-27T18:05:12.141891+00:00] start.WARNING: /profile [] []
[2024-06-27T18:05:45.728065+00:00] start.WARNING: /profile [] []
[2024-06-27T18:06:29.281867+00:00] start.WARNING: /profile [] []
[2024-06-27T18:06:43.445139+00:00] start.WARNING: /profile [] []
[2024-06-27T18:07:03.527838+00:00] start.WARNING: /profile [] []
[2024-06-27T18:07:51.515257+00:00] start.WARNING: /profile [] []
[2024-06-27T18:08:03.294903+00:00] start.WARNING: /profile [] []
[2024-06-27T18:08:23.533413+00:00] start.WARNING: /profile [] []
[2024-06-27T18:08:34.173914+00:00] start.WARNING: /profile [] []
[2024-06-27T18:08:47.213882+00:00] start.WARNING: /profile [] []
[2024-06-27T18:09:30.279883+00:00] start.WARNING: /profile [] []
[2024-06-27T18:10:01.699541+00:00] start.WARNING: /profile [] []
[2024-06-27T18:10:35.354129+00:00] start.WARNING: / [] []
[2024-06-27T18:10:39.745626+00:00] start.WARNING: / [] []
[2024-06-27T18:10:41.822334+00:00] start.WARNING: / [] []
[2024-06-27T18:10:46.218557+00:00] start.WARNING: / [] []
[2024-06-27T18:11:02.819904+00:00] start.WARNING: /profile [] []
[2024-06-27T18:11:26.822327+00:00] start.WARNING: /profile [] []
[2024-06-27T18:12:07.562782+00:00] start.WARNING: /profile [] []
[2024-06-27T18:12:59.528965+00:00] start.WARNING: /profile [] []
[2024-06-27T18:14:46.907213+00:00] start.WARNING: /profile [] []
[2024-06-27T18:15:56.322895+00:00] start.WARNING: /profile [] []
[2024-06-27T18:16:21.204321+00:00] start.WARNING: /profile [] []
[2024-06-27T18:17:27.147238+00:00] start.WARNING: /profile [] []
[2024-06-27T18:17:42.100030+00:00] start.WARNING: /profile [] []
[2024-06-27T18:19:37.455957+00:00] start.WARNING: /profile [] []
[2024-06-27T18:20:14.314713+00:00] start.WARNING: /profile [] []
[2024-06-27T18:21:14.594150+00:00] start.WARNING: /profile [] []
[2024-06-27T18:22:30.974954+00:00] start.WARNING: /profile [] []
[2024-06-27T18:23:26.111798+00:00] start.WARNING: /profile [] []
[2024-06-27T18:23:49.115424+00:00] start.WARNING: /profile [] []
[2024-06-27T18:24:33.950471+00:00] start.WARNING: /profile [] []
[2024-06-27T18:25:32.975669+00:00] start.WARNING: /profile [] []
[2024-06-27T18:25:39.661789+00:00] start.WARNING: /profile [] []
[2024-06-27T18:27:26.080143+00:00] start.WARNING: /profile [] []
[2024-06-27T18:27:49.451651+00:00] start.WARNING: /profile [] []
[2024-06-27T18:28:49.939402+00:00] start.WARNING: /profile [] []
[2024-06-27T18:28:56.657793+00:00] start.WARNING: /profile [] []
[2024-06-27T18:29:12.712684+00:00] start.WARNING: / [] []
[2024-06-27T18:29:17.073374+00:00] start.WARNING: / [] []
[2024-06-27T18:29:19.347127+00:00] start.WARNING: / [] []
[2024-06-27T18:29:23.727059+00:00] start.WARNING: / [] []
[2024-06-27T20:22:59.355020+00:00] start.WARNING: / [] []
[2024-06-27T20:23:03.758105+00:00] start.WARNING: / [] []
[2024-06-27T20:23:06.093479+00:00] start.WARNING: / [] []
[2024-06-27T20:23:10.548844+00:00] start.WARNING: / [] []
[2024-06-27T20:27:47.815435+00:00] start.WARNING: / [] []
[2024-06-27T20:27:52.244453+00:00] start.WARNING: / [] []
[2024-06-27T20:27:54.510746+00:00] start.WARNING: / [] []
[2024-06-27T20:27:58.959931+00:00] start.WARNING: / [] []
[2024-06-27T20:36:42.779233+00:00] start.WARNING: / [] []
[2024-06-27T20:36:47.400487+00:00] start.WARNING: / [] []
[2024-06-27T20:36:49.788121+00:00] start.WARNING: / [] []
[2024-06-27T20:36:54.224168+00:00] start.WARNING: / [] []
[2024-06-27T20:37:59.561503+00:00] start.WARNING: /profile [] []
[2024-06-27T20:38:06.335659+00:00] start.WARNING: /profile [] []
[2024-06-27T20:40:52.160629+00:00] start.WARNING: /profile [] []
[2024-06-27T20:40:58.929105+00:00] start.WARNING: /profile [] []
[2024-06-27T21:02:15.730616+00:00] start.WARNING: /profile [] []
[2024-06-27T21:02:17.820897+00:00] start.WARNING: SQLSTATE[42000]: Syntax error or access violation: 1044 Access denied for user 'u203973307_dbaAdmin'@'%' to database 'doesnbkx_instalookalike' [] []
[2024-06-27T21:02:19.911737+00:00] start.WARNING: /profile [] []
[2024-06-27T21:02:54.920161+00:00] start.WARNING: /profile [] []
[2024-06-27T21:02:57.007463+00:00] start.WARNING: SQLSTATE[42000]: Syntax error or access violation: 1044 Access denied for user 'u203973307_dbaAdmin'@'%' to database 'doesnbkx_instalookalike' [] []
[2024-06-27T21:02:59.069706+00:00] start.WARNING: /profile [] []
[2024-06-27T21:08:55.608757+00:00] start.WARNING: /profile [] []
[2024-06-27T21:08:57.713736+00:00] start.WARNING: SQLSTATE[42000]: Syntax error or access violation: 1044 Access denied for user 'u203973307_dbaAdmin'@'%' to database 'doesnbkx_instalookalike' [] []
[2024-06-27T21:09:00.136893+00:00] start.WARNING: /profile [] []
[2024-06-27T21:21:36.615025+00:00] start.WARNING: /profile [] []
[2024-06-27T21:21:38.664818+00:00] start.WARNING: SQLSTATE[42S02]: Base table or view not found: 1146 Table 'u203973307_wholedata.Posts' doesn't exist [] []
[2024-06-27T21:21:40.719054+00:00] start.WARNING: /profile [] []
[2024-06-27T21:22:54.356225+00:00] start.WARNING: /profile [] []
[2024-06-27T21:22:56.438757+00:00] start.WARNING: SQLSTATE[42S02]: Base table or view not found: 1146 Table 'u203973307_wholedata.Posts' doesn't exist [] []
[2024-06-27T21:22:58.489039+00:00] start.WARNING: /profile [] []
[2024-06-27T21:23:10.511251+00:00] start.WARNING: /profile [] []
[2024-06-27T21:23:12.600627+00:00] start.WARNING: SQLSTATE[42S02]: Base table or view not found: 1146 Table 'u203973307_wholedata.Posts' doesn't exist [] []
[2024-06-27T21:23:14.645613+00:00] start.WARNING: /profile [] []
[2024-06-27T21:24:25.360564+00:00] start.WARNING: /profile [] []
[2024-06-27T21:24:27.420903+00:00] start.WARNING: SQLSTATE[42S02]: Base table or view not found: 1146 Table 'u203973307_wholedata.Posts' doesn't exist [] []
[2024-06-27T21:24:29.471912+00:00] start.WARNING: /profile [] []
[2024-06-27T21:25:07.130100+00:00] start.WARNING: /profile [] []
[2024-06-27T21:25:09.341652+00:00] start.WARNING: SQLSTATE[42S02]: Base table or view not found: 1146 Table 'u203973307_wholedata.Posts' doesn't exist [] []
[2024-06-27T21:25:11.416981+00:00] start.WARNING: /profile [] []
[2024-06-27T21:25:38.531568+00:00] start.WARNING: /profile [] []
[2024-06-27T21:25:40.589711+00:00] start.WARNING: SQLSTATE[42S02]: Base table or view not found: 1146 Table 'u203973307_wholedata.Posts' doesn't exist [] []
[2024-06-27T21:25:42.643522+00:00] start.WARNING: /profile [] []
[2024-06-27T21:26:01.587529+00:00] start.WARNING: /profile [] []
[2024-06-27T21:26:03.644691+00:00] start.WARNING: SQLSTATE[42S02]: Base table or view not found: 1146 Table 'u203973307_wholedata.Posts' doesn't exist [] []
[2024-06-27T21:26:05.700172+00:00] start.WARNING: /profile [] []
[2024-06-27T21:26:52.158850+00:00] start.WARNING: /profile [] []
[2024-06-27T21:26:54.215131+00:00] start.WARNING: SQLSTATE[42S02]: Base table or view not found: 1146 Table 'u203973307_wholedata.Posts' doesn't exist [] []
[2024-06-27T21:26:56.326321+00:00] start.WARNING: /profile [] []
[2024-06-28T18:10:05.234204+00:00] start.WARNING: / [] []
[2024-06-28T18:10:09.689439+00:00] start.WARNING: / [] []
[2024-06-28T18:10:11.843596+00:00] start.WARNING: / [] []
[2024-06-28T18:10:16.260727+00:00] start.WARNING: / [] []
[2024-06-28T20:06:27.444386+00:00] start.WARNING: / [] []
[2024-06-28T20:06:31.849002+00:00] start.WARNING: / [] []
[2024-06-28T20:06:33.974426+00:00] start.WARNING: / [] []
[2024-06-28T20:06:38.341731+00:00] start.WARNING: / [] []
[2024-06-28T20:24:12.601093+00:00] start.WARNING: / [] []
[2024-06-28T20:24:16.969515+00:00] start.WARNING: / [] []
[2024-06-28T20:24:19.120283+00:00] start.WARNING: / [] []
[2024-06-28T20:24:23.463958+00:00] start.WARNING: / [] []
[2024-06-28T20:24:26.608789+00:00] start.WARNING: /profile [] []
[2024-06-28T20:24:28.832175+00:00] start.WARNING: SQLSTATE[42S02]: Base table or view not found: 1146 Table 'u203973307_wholedata.Posts' doesn't exist [] []
[2024-06-28T20:24:30.943391+00:00] start.WARNING: /profile [] []
[2024-06-28T20:24:39.757027+00:00] start.WARNING: / [] []
[2024-06-28T20:24:44.129300+00:00] start.WARNING: / [] []
[2024-06-28T20:24:46.322517+00:00] start.WARNING: / [] []
[2024-06-28T20:24:50.704192+00:00] start.WARNING: / [] []
[2024-06-29T23:32:23.141677+00:00] start.WARNING: / [] []
[2024-06-29T23:33:13.336595+00:00] start.WARNING: / [] []
[2024-06-29T23:34:07.277138+00:00] start.WARNING: / [] []
[2024-06-29T23:34:54.095210+00:00] start.WARNING: / [] []
[2024-06-29T23:34:58.704662+00:00] start.WARNING: / [] []
[2024-06-29T23:36:46.738269+00:00] start.WARNING: / [] []
[2024-06-29T23:36:52.184081+00:00] start.WARNING: / [] []
[2024-06-29T23:36:59.759897+00:00] start.WARNING: /profile [] []
[2024-06-29T23:38:00.674391+00:00] start.WARNING: /profile [] []
[2024-06-29T23:38:02.701448+00:00] start.WARNING: SQLSTATE[42S02]: Base table or view not found: 1146 Table 'u203973307_wholedata.Posts' doesn't exist [] []
[2024-07-01T12:20:36.542123+00:00] start.WARNING: / [] []
[2024-07-01T12:20:43.438774+00:00] start.WARNING: / [] []
[2024-07-01T12:21:10.101654+00:00] start.WARNING: /registration [] []
[2024-07-01T12:21:35.452713+00:00] start.WARNING: / [] []
[2024-07-01T12:21:40.261991+00:00] start.WARNING: / [] []
[2024-07-01T12:22:12.736311+00:00] start.WARNING: /registration [] []
[2024-07-01T12:23:07.667450+00:00] start.WARNING: / [] []
[2024-07-01T12:23:12.409641+00:00] start.WARNING: / [] []
[2024-07-01T12:23:30.573247+00:00] start.WARNING: /registration [] []
[2024-07-01T12:23:59.176690+00:00] start.WARNING: / [] []
[2024-07-01T12:24:03.883444+00:00] start.WARNING: / [] []
[2024-07-01T12:24:17.677661+00:00] start.WARNING: /registration [] []
[2024-07-01T12:24:53.188241+00:00] start.WARNING: / [] []
[2024-07-01T12:24:58.037216+00:00] start.WARNING: / [] []
[2024-07-01T12:25:06.157333+00:00] start.WARNING: /registration [] []
[2024-07-01T12:25:34.076621+00:00] start.WARNING: / [] []
[2024-07-01T12:25:39.263521+00:00] start.WARNING: / [] []
[2024-07-01T12:25:50.470987+00:00] start.WARNING: /registration [] []
[2024-07-01T12:27:04.077329+00:00] start.WARNING: / [] []
[2024-07-01T12:27:08.918920+00:00] start.WARNING: / [] []
[2024-07-01T12:27:22.668960+00:00] start.WARNING: /registration [] []
[2024-07-01T12:28:44.523432+00:00] start.WARNING: / [] []
[2024-07-01T12:28:49.230192+00:00] start.WARNING: / [] []
[2024-07-01T12:29:03.066690+00:00] start.WARNING: /registration [] []
[2024-07-01T13:26:38.378734+00:00] start.WARNING: / [] []
[2024-07-01T13:26:43.560360+00:00] start.WARNING: / [] []
[2024-07-01T13:26:59.439546+00:00] start.WARNING: /registration [] []
[2024-07-01T13:27:58.249648+00:00] start.WARNING: / [] []
[2024-07-01T13:28:03.049089+00:00] start.WARNING: / [] []
[2024-07-01T13:28:22.119302+00:00] start.WARNING: /registration [] []
[2024-07-01T13:29:18.142420+00:00] start.WARNING: / [] []
[2024-07-01T13:29:22.961007+00:00] start.WARNING: / [] []
[2024-07-01T13:29:41.559264+00:00] start.WARNING: /registration [] []
[2024-07-01T13:32:34.384273+00:00] start.WARNING: / [] []
[2024-07-01T13:32:39.556792+00:00] start.WARNING: / [] []
[2024-07-01T13:32:51.102926+00:00] start.WARNING: /registration [] []
[2024-07-01T13:33:55.265748+00:00] start.WARNING: / [] []
[2024-07-01T13:33:59.946493+00:00] start.WARNING: / [] []
[2024-07-01T13:34:24.850535+00:00] start.WARNING: /registration [] []
[2024-07-01T14:22:54.612134+00:00] start.WARNING: / [] []
[2024-07-01T14:22:59.258546+00:00] start.WARNING: / [] []
[2024-07-01T14:24:23.161892+00:00] start.WARNING: /profile [] []
[2024-07-01T14:24:25.392949+00:00] start.WARNING: SQLSTATE[42S02]: Base table or view not found: 1146 Table 'u203973307_wholedata.Posts' doesn't exist [] []
[2024-07-01T16:22:27.944659+00:00] start.WARNING: /profile [] []
[2024-07-01T16:22:30.038751+00:00] start.WARNING: SQLSTATE[42S02]: Base table or view not found: 1146 Table 'u203973307_wholedata.Posts' doesn't exist [] []
[2024-07-01T16:22:32.282506+00:00] start.WARNING: / [] []
[2024-07-01T16:22:36.734811+00:00] start.WARNING: / [] []
[2024-07-01T16:22:41.660087+00:00] start.WARNING: / [] []
[2024-07-01T16:22:54.412320+00:00] start.WARNING: /registration [] []
[2024-07-01T16:24:33.246867+00:00] start.WARNING: / [] []
[2024-07-01T16:24:38.130373+00:00] start.WARNING: / [] []
[2024-07-01T16:24:46.892189+00:00] start.WARNING: /registration [] []
[2024-07-01T16:25:35.570944+00:00] start.WARNING: / [] []
[2024-07-01T16:25:40.402026+00:00] start.WARNING: / [] []
[2024-07-01T16:27:56.791453+00:00] start.WARNING: / [] []
[2024-07-01T16:28:01.521394+00:00] start.WARNING: / [] []
[2024-07-01T16:28:13.516319+00:00] start.WARNING: /registration [] []
[2024-07-01T16:28:43.333664+00:00] start.WARNING: / [] []
[2024-07-01T16:28:48.006755+00:00] start.WARNING: / [] []
[2024-07-01T16:28:59.370940+00:00] start.WARNING: /registration [] []
[2024-07-01T16:29:24.557806+00:00] start.WARNING: / [] []
[2024-07-01T16:29:29.150091+00:00] start.WARNING: / [] []
[2024-07-01T16:29:43.111514+00:00] start.WARNING: /registration [] []
[2024-07-01T16:30:20.761948+00:00] start.WARNING: / [] []
[2024-07-01T16:30:25.765156+00:00] start.WARNING: / [] []
[2024-07-01T16:30:30.615794+00:00] start.WARNING: / [] []
[2024-07-01T16:30:35.263632+00:00] start.WARNING: / [] []
[2024-07-01T16:30:49.850792+00:00] start.WARNING: /registration [] []
[2024-07-01T16:32:30.847748+00:00] start.WARNING: / [] []
[2024-07-01T16:32:35.480149+00:00] start.WARNING: / [] []
[2024-07-01T16:32:49.809926+00:00] start.WARNING: /registration [] []
[2024-07-01T16:33:49.020539+00:00] start.WARNING: / [] []
[2024-07-01T16:33:53.660804+00:00] start.WARNING: / [] []
[2024-07-01T16:34:05.455213+00:00] start.WARNING: /registration [] []
[2024-07-01T16:35:26.231248+00:00] start.WARNING: / [] []
[2024-07-01T16:35:31.107049+00:00] start.WARNING: / [] []
[2024-07-01T16:35:44.776606+00:00] start.WARNING: /registration [] []
[2024-07-01T16:46:55.117117+00:00] start.WARNING: / [] []
[2024-07-01T16:46:59.708450+00:00] start.WARNING: / [] []
[2024-07-01T16:47:12.003563+00:00] start.WARNING: /registration [] []
[2024-07-01T16:52:56.675879+00:00] start.WARNING: / [] []
[2024-07-01T16:53:01.401002+00:00] start.WARNING: / [] []
[2024-07-01T16:53:17.885623+00:00] start.WARNING: /registration [] []
[2024-07-01T16:54:18.608154+00:00] start.WARNING: / [] []
[2024-07-01T16:54:23.284175+00:00] start.WARNING: / [] []
[2024-07-01T16:54:59.417855+00:00] start.WARNING: / [] []
[2024-07-01T16:55:03.999249+00:00] start.WARNING: / [] []
[2024-07-01T16:55:19.815639+00:00] start.WARNING: /registration [] []
[2024-07-01T17:01:01.449929+00:00] start.WARNING: / [] []
[2024-07-01T17:01:06.020500+00:00] start.WARNING: / [] []
[2024-07-01T17:01:17.521313+00:00] start.WARNING: /registration [] []
[2024-07-01T17:03:01.905027+00:00] start.WARNING: / [] []
[2024-07-01T17:03:06.654720+00:00] start.WARNING: / [] []
[2024-07-01T17:03:19.036378+00:00] start.WARNING: /registration [] []
[2024-07-01T21:47:02.785653+00:00] start.WARNING: / [] []
[2024-07-01T21:47:08.072568+00:00] start.WARNING: / [] []
[2024-07-01T21:47:18.066629+00:00] start.WARNING: /profile [] []
[2024-07-01T21:47:20.128866+00:00] start.WARNING: SQLSTATE[42S02]: Base table or view not found: 1146 Table 'u203973307_wholedata.Posts' doesn't exist [] []
[2024-07-02T16:03:00.825598+00:00] start.WARNING: / [] []
[2024-07-02T16:03:06.091707+00:00] start.WARNING: / [] []
[2024-07-02T16:03:22.185819+00:00] start.WARNING: /registration [] []
[2024-07-02T16:04:05.281498+00:00] start.WARNING: / [] []
[2024-07-02T16:04:10.086693+00:00] start.WARNING: / [] []
[2024-07-02T16:04:25.519709+00:00] start.WARNING: /registration [] []
[2024-07-02T16:05:14.414723+00:00] start.WARNING: / [] []
[2024-07-02T16:05:19.379823+00:00] start.WARNING: / [] []
[2024-07-02T18:56:05.663393+00:00] start.WARNING: / [] []
[2024-07-02T18:56:10.373992+00:00] start.WARNING: / [] []
[2024-07-02T18:56:24.232641+00:00] start.WARNING: /registration [] []
[2024-07-02T18:56:54.224123+00:00] start.WARNING: / [] []
[2024-07-02T18:56:58.847442+00:00] start.WARNING: / [] []
[2024-07-02T18:57:25.721954+00:00] start.WARNING: /registration [] []
[2024-07-02T18:58:06.476155+00:00] start.WARNING: / [] []
[2024-07-02T18:58:11.100149+00:00] start.WARNING: / [] []
[2024-07-02T18:58:25.777477+00:00] start.WARNING: /registration [] []
[2024-07-02T18:59:56.049631+00:00] start.WARNING: /registration [] []
[2024-07-02T19:02:00.843722+00:00] start.WARNING: /profile [] []
[2024-07-02T19:03:24.911506+00:00] start.WARNING: /profile [] []
[2024-07-02T19:04:59.413878+00:00] start.WARNING: /profile [] []
[2024-07-02T19:05:01.483009+00:00] start.WARNING: SQLSTATE[42S02]: Base table or view not found: 1146 Table 'u203973307_wholedata.Posts' doesn't exist [] []
[2024-07-02T19:05:21.111453+00:00] start.WARNING: / [] []
[2024-07-02T19:08:01.100093+00:00] start.WARNING: / [] []
[2024-07-02T19:09:33.230471+00:00] start.WARNING: / [] []
[2024-07-02T19:10:12.700488+00:00] start.WARNING: / [] []
[2024-07-02T19:10:17.331044+00:00] start.WARNING: / [] []
[2024-07-02T19:12:03.962466+00:00] start.WARNING: /profile [] []
[2024-07-02T19:12:06.029794+00:00] start.WARNING: SQLSTATE[42S02]: Base table or view not found: 1146 Table 'u203973307_wholedata.Posts' doesn't exist [] []
[2024-07-02T19:12:44.454594+00:00] start.WARNING: / [] []
[2024-07-02T19:12:49.307682+00:00] start.WARNING: / [] []
[2024-07-02T19:29:23.059401+00:00] start.WARNING: /registration [] []
[2024-07-02T19:30:16.216082+00:00] start.WARNING: / [] []
[2024-07-02T19:30:20.872278+00:00] start.WARNING: / [] []
[2024-07-02T19:31:01.042592+00:00] start.WARNING: / [] []
[2024-07-02T19:31:05.739685+00:00] start.WARNING: / [] []
[2024-07-02T19:31:33.421449+00:00] start.WARNING: /registration [] []
[2024-07-02T19:33:55.684183+00:00] start.WARNING: / [] []
[2024-07-02T19:34:00.900026+00:00] start.WARNING: / [] []
[2024-07-02T19:34:47.565700+00:00] start.WARNING: /registration [] []
[2024-07-02T19:35:28.709240+00:00] start.WARNING: / [] []
[2024-07-02T19:35:33.311880+00:00] start.WARNING: / [] []
[2024-07-02T19:36:07.332832+00:00] start.WARNING: /registration [] []
[2024-07-02T19:36:20.328220+00:00] start.WARNING: /profile [] []
[2024-07-02T19:36:22.374904+00:00] start.WARNING: SQLSTATE[42S02]: Base table or view not found: 1146 Table 'u203973307_wholedata.Posts' doesn't exist [] []
[2024-07-02T19:36:29.070337+00:00] start.WARNING: / [] []
[2024-07-02T19:36:33.908580+00:00] start.WARNING: / [] []
[2024-07-02T19:36:40.655997+00:00] start.WARNING: /profile [] []
[2024-07-02T19:36:42.719095+00:00] start.WARNING: SQLSTATE[42S02]: Base table or view not found: 1146 Table 'u203973307_wholedata.Posts' doesn't exist [] []
[2024-07-02T19:36:50.257329+00:00] start.WARNING: / [] []
[2024-07-02T19:36:54.837495+00:00] start.WARNING: / [] []
[2024-07-02T19:37:22.265835+00:00] start.WARNING: /profile [] []
[2024-07-02T19:37:24.356819+00:00] start.WARNING: SQLSTATE[42S02]: Base table or view not found: 1146 Table 'u203973307_wholedata.Posts' doesn't exist [] []
[2024-07-02T20:06:05.464987+00:00] start.WARNING: /profile [] []
[2024-07-02T20:06:48.537609+00:00] start.WARNING: /profile [] []
[2024-07-02T20:07:37.776743+00:00] start.WARNING: /profile [] []
[2024-07-02T20:07:59.760733+00:00] start.WARNING: /profile [] []
[2024-07-02T20:08:39.277505+00:00] start.WARNING: /profile [] []
[2024-07-02T20:09:00.540284+00:00] start.WARNING: /profile [] []
[2024-07-02T20:09:02.583976+00:00] start.WARNING: no user selected [] []
[2024-07-02T20:09:11.451078+00:00] start.WARNING: / [] []
[2024-07-02T20:09:14.952531+00:00] start.WARNING: / [] []
[2024-07-02T20:09:22.641145+00:00] start.WARNING: /profile [] []
[2024-07-02T20:09:24.687559+00:00] start.WARNING: no user selected [] []
[2024-07-02T20:10:26.815959+00:00] start.WARNING: /profile [] []
[2024-07-02T20:10:28.885349+00:00] start.WARNING: no user selected [] []
[2024-07-02T20:11:38.605470+00:00] start.WARNING: /profile [] []
[2024-07-02T20:13:41.195201+00:00] start.WARNING: /profile [] []
[2024-07-02T20:13:54.574085+00:00] start.WARNING: /@moses [] []
[2024-07-02T20:13:57.745059+00:00] start.WARNING: / [] []
[2024-07-02T20:14:03.198745+00:00] start.WARNING: /profile [] []
[2024-07-02T20:21:50.752367+00:00] start.WARNING: / [] []
[2024-07-02T20:21:54.817718+00:00] start.WARNING: / [] []
[2024-07-02T20:22:02.314126+00:00] start.WARNING: /profile [] []
[2024-07-02T20:23:46.698755+00:00] start.WARNING: / [] []
[2024-07-02T20:23:53.289149+00:00] start.WARNING: /profile [] []
[2024-07-02T20:24:59.556966+00:00] start.WARNING: /profile [] []
[2024-07-02T20:25:10.244459+00:00] start.WARNING: / [] []
[2024-07-02T20:25:13.580429+00:00] start.WARNING: / [] []
[2024-07-02T20:25:29.293885+00:00] start.WARNING: /profile [] []
[2024-07-02T20:26:24.660074+00:00] start.WARNING: /profile [] []
[2024-07-02T20:26:30.354296+00:00] start.WARNING: /edit_profile [] []
[2024-07-02T20:28:53.496134+00:00] start.WARNING: /edit_profile [] []
[2024-07-02T20:29:22.529310+00:00] start.WARNING: /edit_profile [] []
[2024-07-02T20:36:33.567751+00:00] start.WARNING: /edit_profile [] []
[2024-07-02T20:36:40.183383+00:00] start.WARNING: / [] []
[2024-07-02T20:36:43.341125+00:00] start.WARNING: / [] []
[2024-07-02T20:36:46.323786+00:00] start.WARNING: /profile [] []
[2024-07-02T20:52:14.014203+00:00] start.WARNING: /profile [] []
[2024-07-02T20:53:54.910154+00:00] start.WARNING: /profile [] []
[2024-07-02T20:53:57.642462+00:00] start.WARNING: /profile [] []
[2024-07-02T20:54:06.146431+00:00] start.WARNING: /edit_profile [] []
[2024-07-02T20:54:10.442256+00:00] start.WARNING: /profile [] []
[2024-07-02T20:55:42.511862+00:00] start.WARNING: /profile [] []
[2024-07-02T20:56:39.993869+00:00] start.WARNING: /profile [] []
[2024-07-02T20:57:29.900948+00:00] start.WARNING: /profile [] []
[2024-07-02T20:58:14.622516+00:00] start.WARNING: / [] []
[2024-07-02T20:58:17.853198+00:00] start.WARNING: / [] []
[2024-07-02T20:58:40.747219+00:00] start.WARNING: /registration [] []
[2024-07-02T20:59:59.264567+00:00] start.WARNING: / [] []
[2024-07-02T21:00:02.751893+00:00] start.WARNING: / [] []
[2024-07-02T21:00:45.958276+00:00] start.WARNING: /registration [] []
[2024-07-02T21:03:03.907593+00:00] start.WARNING: / [] []
[2024-07-02T21:03:07.458580+00:00] start.WARNING: / [] []
[2024-07-02T21:04:12.618043+00:00] start.WARNING: /registration [] []
[2024-07-03T09:56:24.749866+00:00] start.WARNING: / [] []
[2024-07-03T09:56:30.729667+00:00] start.WARNING: / [] []
[2024-07-03T10:02:50.400118+00:00] start.WARNING: / [] []
[2024-07-03T10:02:54.886039+00:00] start.WARNING: / [] []
[2024-07-03T10:03:05.752071+00:00] start.WARNING: /profile [] []
[2024-07-03T10:03:11.877787+00:00] start.WARNING: / [] []
[2024-07-03T10:03:15.769309+00:00] start.WARNING: / [] []
[2024-07-03T10:04:48.367088+00:00] start.WARNING: / [] []
[2024-07-03T10:04:53.265632+00:00] start.WARNING: / [] []
[2024-07-03T10:05:05.129974+00:00] start.WARNING: /profile [] []
[2024-07-03T10:05:11.812150+00:00] start.WARNING: / [] []
[2024-07-03T10:05:15.601724+00:00] start.WARNING: / [] []
[2024-07-03T10:06:26.167866+00:00] start.WARNING: / [] []
[2024-07-03T10:06:31.292956+00:00] start.WARNING: / [] []
[2024-07-03T10:06:39.176938+00:00] start.WARNING: /profile [] []
[2024-07-03T10:07:00.927274+00:00] start.WARNING: / [] []
[2024-07-03T10:07:05.507325+00:00] start.WARNING: / [] []
[2024-07-03T10:07:30.677379+00:00] start.WARNING: / [] []
[2024-07-03T10:07:35.963270+00:00] start.WARNING: / [] []
[2024-07-03T10:07:52.604244+00:00] start.WARNING: /@sooly_hacks [] []
[2024-07-03T10:07:56.891741+00:00] start.WARNING: / [] []
[2024-07-03T10:08:53.360283+00:00] start.WARNING: /@sooly_hacks [] []
[2024-07-03T10:09:00.380960+00:00] start.WARNING: / [] []
[2024-07-03T10:09:36.110976+00:00] start.WARNING: / [] []
[2024-07-03T10:09:40.314139+00:00] start.WARNING: / [] []
[2024-07-03T10:12:02.351332+00:00] start.WARNING: / [] []
[2024-07-03T10:12:09.178772+00:00] start.WARNING: / [] []
[2024-07-03T10:14:07.984501+00:00] start.WARNING: /@sooly_hacks [] []
[2024-07-03T10:15:36.901312+00:00] start.WARNING: /@sooly_hacks [] []
[2024-07-03T10:15:46.359809+00:00] start.WARNING: / [] []
[2024-07-03T10:15:52.225805+00:00] start.WARNING: / [] []
[2024-07-03T10:16:02.543959+00:00] start.WARNING: /@mosses [] []
[2024-07-03T10:16:06.270755+00:00] start.WARNING: / [] []
[2024-07-03T10:19:01.385935+00:00] start.WARNING: / [] []
[2024-07-03T10:19:08.625746+00:00] start.WARNING: / [] []
[2024-07-03T10:19:13.610347+00:00] start.WARNING: / [] []
[2024-07-03T10:19:18.668910+00:00] start.WARNING: / [] []
[2024-07-03T10:19:28.118644+00:00] start.WARNING: /@sooly_hacks [] []
[2024-07-03T10:19:31.586398+00:00] start.WARNING: / [] []
[2024-07-03T10:20:32.599346+00:00] start.WARNING: / [] []
[2024-07-03T10:20:38.942018+00:00] start.WARNING: / [] []
[2024-07-03T10:20:58.086183+00:00] start.WARNING: / [] []
[2024-07-03T10:21:03.521804+00:00] start.WARNING: / [] []
[2024-07-03T10:33:19.732656+00:00] start.WARNING: / [] []
[2024-07-03T10:33:27.159722+00:00] start.WARNING: / [] []
[2024-07-03T10:33:44.997704+00:00] start.WARNING: /profile [] []
[2024-07-03T10:33:52.246068+00:00] start.WARNING: / [] []
[2024-07-03T10:33:58.728886+00:00] start.WARNING: / [] []
[2024-07-03T10:34:05.585046+00:00] start.WARNING: /@sooly_hacks [] []
[2024-07-03T10:34:09.267685+00:00] start.WARNING: / [] []
[2024-07-03T10:34:51.501564+00:00] start.WARNING: / [] []
[2024-07-03T10:34:56.371422+00:00] start.WARNING: / [] []
[2024-07-03T10:35:05.026481+00:00] start.WARNING: /@sooly_hacks [] []
[2024-07-03T10:35:08.659978+00:00] start.WARNING: / [] []
[2024-07-03T10:35:16.032168+00:00] start.WARNING: /@sooly_hacks [] []
[2024-07-03T10:35:21.070167+00:00] start.WARNING: / [] []
[2024-07-03T10:39:43.427425+00:00] start.WARNING: / [] []
[2024-07-03T10:39:47.189938+00:00] start.WARNING: / [] []
[2024-07-03T10:39:59.404709+00:00] start.WARNING: /@sooly_hacks [] []
[2024-07-03T10:40:03.302092+00:00] start.WARNING: / [] []
[2024-07-03T10:40:09.641373+00:00] start.WARNING: /@sooly_hacks [] []
[2024-07-03T10:40:15.377237+00:00] start.WARNING: / [] []
[2024-07-03T10:46:40.774646+00:00] start.WARNING: /@sooly_hacks [] []
[2024-07-03T10:46:46.032720+00:00] start.WARNING: / [] []
[2024-07-03T10:52:38.716225+00:00] start.WARNING: /@murunwa [] []
[2024-07-03T10:52:43.618754+00:00] start.WARNING: / [] []
[2024-07-03T10:55:54.202737+00:00] start.WARNING: / [] []
[2024-07-03T10:55:58.361267+00:00] start.WARNING: / [] []
[2024-07-03T10:56:49.498465+00:00] start.WARNING: / [] []
[2024-07-03T10:58:55.040598+00:00] start.WARNING: / [] []
[2024-07-03T11:00:01.397545+00:00] start.WARNING: / [] []
[2024-07-03T11:00:07.335631+00:00] start.WARNING: / [] []
[2024-07-03T11:00:43.994668+00:00] start.WARNING: /registration [] []
[2024-07-03T11:03:50.058030+00:00] start.WARNING: / [] []
[2024-07-03T11:03:54.623058+00:00] start.WARNING: / [] []
[2024-07-03T11:04:24.358554+00:00] start.WARNING: /registration [] []
[2024-07-03T11:11:59.313493+00:00] start.WARNING: / [] []
[2024-07-03T11:12:04.077756+00:00] start.WARNING: / [] []
[2024-07-03T11:12:52.843799+00:00] start.WARNING: / [] []
[2024-07-03T11:12:57.482461+00:00] start.WARNING: / [] []
[2024-07-03T11:13:46.215134+00:00] start.WARNING: /registration [] []
[2024-07-03T11:13:59.647083+00:00] start.WARNING: /registration [] []
[2024-07-03T11:14:20.589447+00:00] start.WARNING: /profile [] []
[2024-07-03T11:14:27.559837+00:00] start.WARNING: / [] []
[2024-07-03T11:14:33.602217+00:00] start.WARNING: / [] []
[2024-07-03T11:14:44.047465+00:00] start.WARNING: no user selected [] []
[2024-07-03T11:16:06.170326+00:00] start.WARNING: no user selected [] []
[2024-07-03T11:22:39.632667+00:00] start.WARNING: no user selected [] []
[2024-07-03T11:25:19.637572+00:00] start.WARNING: no user selected [] []
[2024-07-03T11:39:51.210154+00:00] start.WARNING: no user selected [] []
[2024-07-03T11:42:24.655110+00:00] start.WARNING: no user selected [] []
[2024-07-03T11:45:42.695962+00:00] start.WARNING: no posts assigned to user [] []
